2022-12-22 19:27:21,330 [Worker-4: Loading available Gradle versions] INFO  o.e.b.c.i.u.g.PublishedGradleVersions - Gradle version information cache is out-of-date. Trying to update.
2022-12-22 19:39:22,712 [Worker-7: Import Getting Started Content] INFO  o.e.m.c.i.l.LifecycleMappingFactory - Using org.eclipse.m2e.jdt.JarLifecycleMapping lifecycle mapping for MavenProject: com.alvesmoney.api:alvesmoney-api:1.0.0-SNAPSHOT @ C:\Users\alves\Documents\Projetos\alvesmoney\alvesmoney-api\pom.xml.
2022-12-22 19:39:25,936 [Worker-7: Import Getting Started Content] INFO  o.e.m.j.i.AbstractJavaProjectConfigurator - Adding source folder /alvesmoney-api/src/main/java
2022-12-22 19:39:25,937 [Worker-7: Import Getting Started Content] INFO  o.e.m.j.i.AbstractJavaProjectConfigurator - Adding resource folder /alvesmoney-api/src/main/resources
2022-12-22 19:39:25,944 [Worker-7: Import Getting Started Content] INFO  o.e.m.j.i.AbstractJavaProjectConfigurator - Adding resource folder /alvesmoney-api/src/main/resources
2022-12-22 19:39:25,950 [Worker-7: Import Getting Started Content] INFO  o.e.m.j.i.AbstractJavaProjectConfigurator - Adding source folder /alvesmoney-api/src/test/java
2022-12-22 19:39:26,615 [Worker-7: Import Getting Started Content] INFO  o.e.m.c.i.p.ProjectConfigurationManager - Imported and configured 1 project(s) in 7 sec
2022-12-22 19:39:26,621 [Worker-7: Import Getting Started Content] INFO  o.e.m.c.i.p.ProjectConfigurationManager - Update started
2022-12-22 19:39:27,119 [Worker-7: Import Getting Started Content] INFO  o.e.m.c.i.l.LifecycleMappingFactory - Using org.eclipse.m2e.jdt.JarLifecycleMapping lifecycle mapping for MavenProject: com.alvesmoney.api:alvesmoney-api:1.0.0-SNAPSHOT @ C:\Users\alves\Documents\Projetos\alvesmoney\alvesmoney-api\pom.xml.
2022-12-22 19:39:28,308 [Worker-7: Import Getting Started Content] INFO  o.e.m.j.i.AbstractJavaProjectConfigurator - Adding source folder /alvesmoney-api/src/main/java
2022-12-22 19:39:28,309 [Worker-7: Import Getting Started Content] INFO  o.e.m.j.i.AbstractJavaProjectConfigurator - Adding resource folder /alvesmoney-api/src/main/resources
2022-12-22 19:39:28,310 [Worker-7: Import Getting Started Content] INFO  o.e.m.j.i.AbstractJavaProjectConfigurator - Adding resource folder /alvesmoney-api/src/main/resources
2022-12-22 19:39:28,311 [Worker-7: Import Getting Started Content] INFO  o.e.m.j.i.AbstractJavaProjectConfigurator - Adding source folder /alvesmoney-api/src/test/java
2022-12-22 19:39:28,859 [Worker-7: Import Getting Started Content] INFO  o.e.m.c.i.p.ProjectConfigurationManager - Update completed: 2 sec
2022-12-22 19:39:29,499 [Worker-7: Building] INFO  o.a.m.s.f.DefaultMavenResourcesFiltering - Copying 1 resource
2022-12-22 19:39:29,518 [Worker-7: Building] INFO  o.a.m.s.f.DefaultMavenResourcesFiltering - Copying 0 resource
2022-12-22 19:39:29,523 [Worker-7: Building] INFO  o.a.m.s.f.DefaultMavenResourcesFiltering - skip non existing resourceDirectory C:\Users\alves\Documents\Projetos\alvesmoney\alvesmoney-api\src\test\resources
2022-12-22 20:18:13,694 [Worker-14: Building] INFO  o.a.m.s.f.DefaultMavenResourcesFiltering - Copying 1 resource
2022-12-22 20:18:13,702 [Worker-14: Building] INFO  o.a.m.s.f.DefaultMavenResourcesFiltering - Copying 0 resource
2022-12-22 20:18:13,708 [Worker-14: Building] INFO  o.a.m.s.f.DefaultMavenResourcesFiltering - skip non existing resourceDirectory C:\Users\alves\Documents\Projetos\alvesmoney\alvesmoney-api\src\test\resources
2022-12-22 20:18:59,058 [Worker-14: Building] INFO  o.a.m.s.f.DefaultMavenResourcesFiltering - Copying 1 resource
2022-12-22 20:18:59,063 [Worker-14: Building] INFO  o.a.m.s.f.DefaultMavenResourcesFiltering - Copying 0 resource
2022-12-22 20:18:59,067 [Worker-14: Building] INFO  o.a.m.s.f.DefaultMavenResourcesFiltering - skip non existing resourceDirectory C:\Users\alves\Documents\Projetos\alvesmoney\alvesmoney-api\src\test\resources
2022-12-22 20:19:54,369 [Worker-20: Building] INFO  o.a.m.s.f.DefaultMavenResourcesFiltering - Copying 0 resource
2022-12-22 20:19:54,370 [Worker-20: Building] INFO  o.a.m.s.f.DefaultMavenResourcesFiltering - Copying 1 resource
2022-12-22 20:19:54,377 [Worker-20: Building] INFO  o.a.m.s.f.DefaultMavenResourcesFiltering - skip non existing resourceDirectory C:\Users\alves\Documents\Projetos\alvesmoney\alvesmoney-api\src\test\resources
2022-12-22 20:20:06,298 [Worker-14: Building] INFO  o.a.m.s.f.DefaultMavenResourcesFiltering - Copying 0 resource
2022-12-22 20:20:06,298 [Worker-14: Building] INFO  o.a.m.s.f.DefaultMavenResourcesFiltering - Copying 1 resource
2022-12-22 20:20:06,303 [Worker-14: Building] INFO  o.a.m.s.f.DefaultMavenResourcesFiltering - skip non existing resourceDirectory C:\Users\alves\Documents\Projetos\alvesmoney\alvesmoney-api\src\test\resources
2022-12-22 20:20:23,443 [Worker-17: Building] INFO  o.a.m.s.f.DefaultMavenResourcesFiltering - Copying 1 resource
2022-12-22 20:20:23,449 [Worker-17: Building] INFO  o.a.m.s.f.DefaultMavenResourcesFiltering - Copying 1 resource
2022-12-22 20:20:23,453 [Worker-17: Building] INFO  o.a.m.s.f.DefaultMavenResourcesFiltering - skip non existing resourceDirectory C:\Users\alves\Documents\Projetos\alvesmoney\alvesmoney-api\src\test\resources
2022-12-22 20:26:09,617 [Worker-24: Building] INFO  o.a.m.s.f.DefaultMavenResourcesFiltering - Copying 1 resource
2022-12-22 20:26:09,622 [Worker-24: Building] INFO  o.a.m.s.f.DefaultMavenResourcesFiltering - Copying 1 resource
2022-12-22 20:26:09,625 [Worker-24: Building] INFO  o.a.m.s.f.DefaultMavenResourcesFiltering - skip non existing resourceDirectory C:\Users\alves\Documents\Projetos\alvesmoney\alvesmoney-api\src\test\resources
2022-12-22 20:31:56,568 [Worker-28: Building] INFO  o.e.m.c.i.l.LifecycleMappingFactory - Using org.eclipse.m2e.jdt.JarLifecycleMapping lifecycle mapping for MavenProject: com.alvesmoney.api:alvesmoney-api:1.0.0-SNAPSHOT @ C:\Users\alves\Documents\Projetos\alvesmoney\alvesmoney-api\pom.xml.
2022-12-22 20:31:57,191 [Worker-28: Building] INFO  o.a.m.s.f.DefaultMavenResourcesFiltering - Copying 0 resource
2022-12-22 20:31:57,191 [Worker-28: Building] INFO  o.a.m.s.f.DefaultMavenResourcesFiltering - Copying 0 resource
2022-12-22 20:31:57,196 [Worker-28: Building] INFO  o.a.m.s.f.DefaultMavenResourcesFiltering - skip non existing resourceDirectory C:\Users\alves\Documents\Projetos\alvesmoney\alvesmoney-api\src\test\resources
2022-12-22 20:31:58,646 [Worker-28: Building] INFO  o.a.m.s.f.DefaultMavenResourcesFiltering - Copying 1 resource
2022-12-22 20:31:58,665 [Worker-28: Building] INFO  o.a.m.s.f.DefaultMavenResourcesFiltering - Copying 1 resource
2022-12-22 20:31:58,671 [Worker-28: Building] INFO  o.a.m.s.f.DefaultMavenResourcesFiltering - skip non existing resourceDirectory C:\Users\alves\Documents\Projetos\alvesmoney\alvesmoney-api\src\test\resources
2022-12-22 20:32:22,255 [Worker-25: Building] INFO  o.a.m.s.f.DefaultMavenResourcesFiltering - Copying 1 resource
2022-12-22 20:32:22,262 [Worker-25: Building] INFO  o.a.m.s.f.DefaultMavenResourcesFiltering - Copying 1 resource
2022-12-22 20:32:22,266 [Worker-25: Building] INFO  o.a.m.s.f.DefaultMavenResourcesFiltering - skip non existing resourceDirectory C:\Users\alves\Documents\Projetos\alvesmoney\alvesmoney-api\src\test\resources
2022-12-22 20:36:26,888 [Worker-32: Building] INFO  o.a.m.s.f.DefaultMavenResourcesFiltering - Copying 1 resource
2022-12-22 20:36:26,894 [Worker-32: Building] INFO  o.a.m.s.f.DefaultMavenResourcesFiltering - Copying 1 resource
2022-12-22 20:36:26,898 [Worker-32: Building] INFO  o.a.m.s.f.DefaultMavenResourcesFiltering - skip non existing resourceDirectory C:\Users\alves\Documents\Projetos\alvesmoney\alvesmoney-api\src\test\resources
2022-12-22 20:36:45,937 [Worker-33: Building] INFO  o.a.m.s.f.DefaultMavenResourcesFiltering - Copying 1 resource
2022-12-22 20:36:45,942 [Worker-33: Building] INFO  o.a.m.s.f.DefaultMavenResourcesFiltering - Copying 1 resource
2022-12-22 20:36:45,945 [Worker-33: Building] INFO  o.a.m.s.f.DefaultMavenResourcesFiltering - skip non existing resourceDirectory C:\Users\alves\Documents\Projetos\alvesmoney\alvesmoney-api\src\test\resources
2022-12-22 20:37:16,247 [Worker-30: Building] INFO  o.a.m.s.f.DefaultMavenResourcesFiltering - Copying 1 resource
2022-12-22 20:37:16,259 [Worker-30: Building] INFO  o.a.m.s.f.DefaultMavenResourcesFiltering - Copying 1 resource
2022-12-22 20:37:16,263 [Worker-30: Building] INFO  o.a.m.s.f.DefaultMavenResourcesFiltering - skip non existing resourceDirectory C:\Users\alves\Documents\Projetos\alvesmoney\alvesmoney-api\src\test\resources
2022-12-22 20:39:45,833 [Worker-27: Building] INFO  o.a.m.s.f.DefaultMavenResourcesFiltering - Copying 1 resource
2022-12-22 20:39:45,839 [Worker-27: Building] INFO  o.a.m.s.f.DefaultMavenResourcesFiltering - Copying 1 resource
2022-12-22 20:39:45,842 [Worker-27: Building] INFO  o.a.m.s.f.DefaultMavenResourcesFiltering - skip non existing resourceDirectory C:\Users\alves\Documents\Projetos\alvesmoney\alvesmoney-api\src\test\resources
2022-12-22 20:40:56,254 [Worker-36: Building] INFO  o.a.m.s.f.DefaultMavenResourcesFiltering - Copying 1 resource
2022-12-22 20:40:56,260 [Worker-36: Building] INFO  o.a.m.s.f.DefaultMavenResourcesFiltering - Copying 1 resource
2022-12-22 20:40:56,264 [Worker-36: Building] INFO  o.a.m.s.f.DefaultMavenResourcesFiltering - skip non existing resourceDirectory C:\Users\alves\Documents\Projetos\alvesmoney\alvesmoney-api\src\test\resources
2022-12-22 20:59:36,328 [Worker-43: Building] INFO  o.a.m.s.f.DefaultMavenResourcesFiltering - Copying 1 resource
2022-12-22 20:59:36,335 [Worker-43: Building] INFO  o.a.m.s.f.DefaultMavenResourcesFiltering - Copying 1 resource
2022-12-22 20:59:36,338 [Worker-43: Building] INFO  o.a.m.s.f.DefaultMavenResourcesFiltering - skip non existing resourceDirectory C:\Users\alves\Documents\Projetos\alvesmoney\alvesmoney-api\src\test\resources
2022-12-22 21:03:24,934 [Worker-51: Building] INFO  o.a.m.s.f.DefaultMavenResourcesFiltering - Copying 1 resource
2022-12-22 21:03:24,954 [Worker-51: Building] INFO  o.a.m.s.f.DefaultMavenResourcesFiltering - Copying 1 resource
2022-12-22 21:03:24,958 [Worker-51: Building] INFO  o.a.m.s.f.DefaultMavenResourcesFiltering - skip non existing resourceDirectory C:\Users\alves\Documents\Projetos\alvesmoney\alvesmoney-api\src\test\resources
2022-12-22 21:09:08,523 [Worker-52: Building] INFO  o.a.m.s.f.DefaultMavenResourcesFiltering - Copying 1 resource
2022-12-22 21:09:08,529 [Worker-52: Building] INFO  o.a.m.s.f.DefaultMavenResourcesFiltering - Copying 1 resource
2022-12-22 21:09:08,532 [Worker-52: Building] INFO  o.a.m.s.f.DefaultMavenResourcesFiltering - skip non existing resourceDirectory C:\Users\alves\Documents\Projetos\alvesmoney\alvesmoney-api\src\test\resources
2022-12-22 21:11:52,920 [Worker-53: Building] INFO  o.a.m.s.f.DefaultMavenResourcesFiltering - Copying 0 resource
2022-12-22 21:11:52,920 [Worker-53: Building] INFO  o.a.m.s.f.DefaultMavenResourcesFiltering - Copying 1 resource
2022-12-22 21:11:52,924 [Worker-53: Building] INFO  o.a.m.s.f.DefaultMavenResourcesFiltering - skip non existing resourceDirectory C:\Users\alves\Documents\Projetos\alvesmoney\alvesmoney-api\src\test\resources
2022-12-22 21:14:01,680 [Worker-52: Building] INFO  o.a.m.s.f.DefaultMavenResourcesFiltering - Copying 0 resource
2022-12-22 21:14:01,682 [Worker-52: Building] INFO  o.a.m.s.f.DefaultMavenResourcesFiltering - Copying 1 resource
2022-12-22 21:14:01,699 [Worker-52: Building] INFO  o.a.m.s.f.DefaultMavenResourcesFiltering - skip non existing resourceDirectory C:\Users\alves\Documents\Projetos\alvesmoney\alvesmoney-api\src\test\resources
2022-12-22 21:26:20,702 [Worker-49: Building] INFO  o.a.m.s.f.DefaultMavenResourcesFiltering - Copying 1 resource
2022-12-22 21:26:20,705 [Worker-49: Building] INFO  o.a.m.s.f.DefaultMavenResourcesFiltering - Copying 2 resources
2022-12-22 21:26:20,717 [Worker-49: Building] INFO  o.a.m.s.f.DefaultMavenResourcesFiltering - skip non existing resourceDirectory C:\Users\alves\Documents\Projetos\alvesmoney\alvesmoney-api\src\test\resources
2022-12-22 21:33:24,200 [Worker-62: Building] INFO  o.a.m.s.f.DefaultMavenResourcesFiltering - Copying 1 resource
2022-12-22 21:33:24,206 [Worker-62: Building] INFO  o.a.m.s.f.DefaultMavenResourcesFiltering - Copying 2 resources
2022-12-22 21:33:24,210 [Worker-62: Building] INFO  o.a.m.s.f.DefaultMavenResourcesFiltering - skip non existing resourceDirectory C:\Users\alves\Documents\Projetos\alvesmoney\alvesmoney-api\src\test\resources
2022-12-22 21:33:58,411 [Worker-62: Building] INFO  o.a.m.s.f.DefaultMavenResourcesFiltering - Copying 1 resource
2022-12-22 21:33:58,426 [Worker-62: Building] INFO  o.a.m.s.f.DefaultMavenResourcesFiltering - Copying 2 resources
2022-12-22 21:33:58,431 [Worker-62: Building] INFO  o.a.m.s.f.DefaultMavenResourcesFiltering - skip non existing resourceDirectory C:\Users\alves\Documents\Projetos\alvesmoney\alvesmoney-api\src\test\resources
2022-12-22 21:54:00,736 [Worker-62: Building] INFO  o.a.m.s.f.DefaultMavenResourcesFiltering - Copying 1 resource
2022-12-22 21:54:00,766 [Worker-62: Building] INFO  o.a.m.s.f.DefaultMavenResourcesFiltering - Copying 2 resources
2022-12-22 21:54:00,771 [Worker-62: Building] INFO  o.a.m.s.f.DefaultMavenResourcesFiltering - skip non existing resourceDirectory C:\Users\alves\Documents\Projetos\alvesmoney\alvesmoney-api\src\test\resources
2022-12-22 21:54:14,702 [Worker-66: Building] INFO  o.a.m.s.f.DefaultMavenResourcesFiltering - Copying 0 resource
2022-12-22 21:54:14,703 [Worker-66: Building] INFO  o.a.m.s.f.DefaultMavenResourcesFiltering - Copying 1 resource
2022-12-22 21:54:14,712 [Worker-66: Building] INFO  o.a.m.s.f.DefaultMavenResourcesFiltering - skip non existing resourceDirectory C:\Users\alves\Documents\Projetos\alvesmoney\alvesmoney-api\src\test\resources
2022-12-22 21:58:40,328 [Worker-67: Building] INFO  o.a.m.s.f.DefaultMavenResourcesFiltering - Copying 1 resource
2022-12-22 21:58:40,334 [Worker-67: Building] INFO  o.a.m.s.f.DefaultMavenResourcesFiltering - Copying 2 resources
2022-12-22 21:58:40,338 [Worker-67: Building] INFO  o.a.m.s.f.DefaultMavenResourcesFiltering - skip non existing resourceDirectory C:\Users\alves\Documents\Projetos\alvesmoney\alvesmoney-api\src\test\resources
2022-12-22 22:02:57,024 [Worker-68: Building] INFO  o.a.m.s.f.DefaultMavenResourcesFiltering - Copying 1 resource
2022-12-22 22:02:57,029 [Worker-68: Building] INFO  o.a.m.s.f.DefaultMavenResourcesFiltering - Copying 2 resources
2022-12-22 22:02:57,031 [Worker-68: Building] INFO  o.a.m.s.f.DefaultMavenResourcesFiltering - skip non existing resourceDirectory C:\Users\alves\Documents\Projetos\alvesmoney\alvesmoney-api\src\test\resources
2022-12-22 22:08:30,108 [Worker-65: Building] INFO  o.a.m.s.f.DefaultMavenResourcesFiltering - Copying 1 resource
2022-12-22 22:08:30,113 [Worker-65: Building] INFO  o.a.m.s.f.DefaultMavenResourcesFiltering - Copying 2 resources
2022-12-22 22:08:30,116 [Worker-65: Building] INFO  o.a.m.s.f.DefaultMavenResourcesFiltering - skip non existing resourceDirectory C:\Users\alves\Documents\Projetos\alvesmoney\alvesmoney-api\src\test\resources
2022-12-22 22:08:31,199 [Worker-76: Building] INFO  o.a.m.s.f.DefaultMavenResourcesFiltering - Copying 1 resource
2022-12-22 22:08:31,203 [Worker-76: Building] INFO  o.a.m.s.f.DefaultMavenResourcesFiltering - Copying 2 resources
2022-12-22 22:08:31,206 [Worker-76: Building] INFO  o.a.m.s.f.DefaultMavenResourcesFiltering - skip non existing resourceDirectory C:\Users\alves\Documents\Projetos\alvesmoney\alvesmoney-api\src\test\resources
2022-12-22 22:17:11,012 [Worker-65: Building] INFO  o.a.m.s.f.DefaultMavenResourcesFiltering - Copying 1 resource
2022-12-22 22:17:11,016 [Worker-65: Building] INFO  o.a.m.s.f.DefaultMavenResourcesFiltering - Copying 2 resources
2022-12-22 22:17:11,018 [Worker-65: Building] INFO  o.a.m.s.f.DefaultMavenResourcesFiltering - skip non existing resourceDirectory C:\Users\alves\Documents\Projetos\alvesmoney\alvesmoney-api\src\test\resources
2022-12-22 22:17:41,420 [Worker-65: Building] INFO  o.a.m.s.f.DefaultMavenResourcesFiltering - Copying 1 resource
2022-12-22 22:17:41,426 [Worker-65: Building] INFO  o.a.m.s.f.DefaultMavenResourcesFiltering - Copying 2 resources
2022-12-22 22:17:41,430 [Worker-65: Building] INFO  o.a.m.s.f.DefaultMavenResourcesFiltering - skip non existing resourceDirectory C:\Users\alves\Documents\Projetos\alvesmoney\alvesmoney-api\src\test\resources
2022-12-22 22:22:29,328 [Worker-76: Building] INFO  o.a.m.s.f.DefaultMavenResourcesFiltering - Copying 1 resource
2022-12-22 22:22:29,333 [Worker-76: Building] INFO  o.a.m.s.f.DefaultMavenResourcesFiltering - Copying 2 resources
2022-12-22 22:22:29,337 [Worker-76: Building] INFO  o.a.m.s.f.DefaultMavenResourcesFiltering - skip non existing resourceDirectory C:\Users\alves\Documents\Projetos\alvesmoney\alvesmoney-api\src\test\resources
2022-12-22 22:29:41,354 [Worker-86: Building] INFO  o.a.m.s.f.DefaultMavenResourcesFiltering - Copying 1 resource
2022-12-22 22:29:41,359 [Worker-86: Building] INFO  o.a.m.s.f.DefaultMavenResourcesFiltering - Copying 2 resources
2022-12-22 22:29:41,363 [Worker-86: Building] INFO  o.a.m.s.f.DefaultMavenResourcesFiltering - skip non existing resourceDirectory C:\Users\alves\Documents\Projetos\alvesmoney\alvesmoney-api\src\test\resources
2022-12-22 22:30:55,549 [Worker-86: Building] INFO  o.a.m.s.f.DefaultMavenResourcesFiltering - Copying 1 resource
2022-12-22 22:30:55,554 [Worker-86: Building] INFO  o.a.m.s.f.DefaultMavenResourcesFiltering - Copying 2 resources
2022-12-22 22:30:55,558 [Worker-86: Building] INFO  o.a.m.s.f.DefaultMavenResourcesFiltering - skip non existing resourceDirectory C:\Users\alves\Documents\Projetos\alvesmoney\alvesmoney-api\src\test\resources
2022-12-22 22:31:33,186 [Worker-85: Building] INFO  o.a.m.s.f.DefaultMavenResourcesFiltering - Copying 1 resource
2022-12-22 22:31:33,192 [Worker-85: Building] INFO  o.a.m.s.f.DefaultMavenResourcesFiltering - Copying 2 resources
2022-12-22 22:31:33,196 [Worker-85: Building] INFO  o.a.m.s.f.DefaultMavenResourcesFiltering - skip non existing resourceDirectory C:\Users\alves\Documents\Projetos\alvesmoney\alvesmoney-api\src\test\resources
2022-12-22 22:34:23,627 [Worker-85: Building] INFO  o.a.m.s.f.DefaultMavenResourcesFiltering - Copying 1 resource
2022-12-22 22:34:23,634 [Worker-85: Building] INFO  o.a.m.s.f.DefaultMavenResourcesFiltering - Copying 2 resources
2022-12-22 22:34:23,637 [Worker-85: Building] INFO  o.a.m.s.f.DefaultMavenResourcesFiltering - skip non existing resourceDirectory C:\Users\alves\Documents\Projetos\alvesmoney\alvesmoney-api\src\test\resources
2022-12-22 22:35:09,425 [Worker-85: Building] INFO  o.a.m.s.f.DefaultMavenResourcesFiltering - Copying 1 resource
2022-12-22 22:35:09,442 [Worker-85: Building] INFO  o.a.m.s.f.DefaultMavenResourcesFiltering - Copying 2 resources
2022-12-22 22:35:09,446 [Worker-85: Building] INFO  o.a.m.s.f.DefaultMavenResourcesFiltering - skip non existing resourceDirectory C:\Users\alves\Documents\Projetos\alvesmoney\alvesmoney-api\src\test\resources
2022-12-22 23:05:48,457 [Worker-95: Building] INFO  o.a.m.s.f.DefaultMavenResourcesFiltering - Copying 0 resource
2022-12-22 23:05:48,457 [Worker-95: Building] INFO  o.a.m.s.f.DefaultMavenResourcesFiltering - Copying 1 resource
2022-12-22 23:05:48,464 [Worker-95: Building] INFO  o.a.m.s.f.DefaultMavenResourcesFiltering - skip non existing resourceDirectory C:\Users\alves\Documents\Projetos\alvesmoney\alvesmoney-api\src\test\resources
2022-12-22 23:07:13,869 [Worker-97: Building] INFO  o.a.m.s.f.DefaultMavenResourcesFiltering - Copying 0 resource
2022-12-22 23:07:13,870 [Worker-97: Building] INFO  o.a.m.s.f.DefaultMavenResourcesFiltering - Copying 1 resource
2022-12-22 23:07:13,874 [Worker-97: Building] INFO  o.a.m.s.f.DefaultMavenResourcesFiltering - skip non existing resourceDirectory C:\Users\alves\Documents\Projetos\alvesmoney\alvesmoney-api\src\test\resources
2022-12-22 23:07:37,616 [Worker-97: Building] INFO  o.a.m.s.f.DefaultMavenResourcesFiltering - Copying 0 resource
2022-12-22 23:07:37,617 [Worker-97: Building] INFO  o.a.m.s.f.DefaultMavenResourcesFiltering - Copying 1 resource
2022-12-22 23:07:37,623 [Worker-97: Building] INFO  o.a.m.s.f.DefaultMavenResourcesFiltering - skip non existing resourceDirectory C:\Users\alves\Documents\Projetos\alvesmoney\alvesmoney-api\src\test\resources
2022-12-22 23:09:49,684 [Worker-72: Building] INFO  o.a.m.s.f.DefaultMavenResourcesFiltering - Copying 0 resource
2022-12-22 23:09:49,685 [Worker-72: Building] INFO  o.a.m.s.f.DefaultMavenResourcesFiltering - Copying 1 resource
2022-12-22 23:09:49,690 [Worker-72: Building] INFO  o.a.m.s.f.DefaultMavenResourcesFiltering - skip non existing resourceDirectory C:\Users\alves\Documents\Projetos\alvesmoney\alvesmoney-api\src\test\resources
2022-12-22 23:11:12,500 [Worker-72: Building] INFO  o.a.m.s.f.DefaultMavenResourcesFiltering - Copying 0 resource
2022-12-22 23:11:12,500 [Worker-72: Building] INFO  o.a.m.s.f.DefaultMavenResourcesFiltering - Copying 1 resource
2022-12-22 23:11:12,508 [Worker-72: Building] INFO  o.a.m.s.f.DefaultMavenResourcesFiltering - skip non existing resourceDirectory C:\Users\alves\Documents\Projetos\alvesmoney\alvesmoney-api\src\test\resources
2022-12-22 23:14:31,345 [Worker-99: Building] INFO  o.a.m.s.f.DefaultMavenResourcesFiltering - Copying 1 resource
2022-12-22 23:14:31,356 [Worker-99: Building] INFO  o.a.m.s.f.DefaultMavenResourcesFiltering - Copying 4 resources
2022-12-22 23:14:31,360 [Worker-99: Building] INFO  o.a.m.s.f.DefaultMavenResourcesFiltering - skip non existing resourceDirectory C:\Users\alves\Documents\Projetos\alvesmoney\alvesmoney-api\src\test\resources
2022-12-22 23:16:43,327 [Worker-97: Building] INFO  o.a.m.s.f.DefaultMavenResourcesFiltering - Copying 1 resource
2022-12-22 23:16:43,342 [Worker-97: Building] INFO  o.a.m.s.f.DefaultMavenResourcesFiltering - Copying 4 resources
2022-12-22 23:16:43,347 [Worker-97: Building] INFO  o.a.m.s.f.DefaultMavenResourcesFiltering - skip non existing resourceDirectory C:\Users\alves\Documents\Projetos\alvesmoney\alvesmoney-api\src\test\resources
2022-12-22 23:23:55,817 [Worker-106: Building] INFO  o.a.m.s.f.DefaultMavenResourcesFiltering - Copying 1 resource
2022-12-22 23:23:55,837 [Worker-106: Building] INFO  o.a.m.s.f.DefaultMavenResourcesFiltering - Copying 4 resources
2022-12-22 23:23:55,842 [Worker-106: Building] INFO  o.a.m.s.f.DefaultMavenResourcesFiltering - skip non existing resourceDirectory C:\Users\alves\Documents\Projetos\alvesmoney\alvesmoney-api\src\test\resources
2022-12-22 23:28:04,682 [Worker-107: Building] INFO  o.a.m.s.f.DefaultMavenResourcesFiltering - Copying 1 resource
2022-12-22 23:28:04,691 [Worker-107: Building] INFO  o.a.m.s.f.DefaultMavenResourcesFiltering - Copying 4 resources
2022-12-22 23:28:04,697 [Worker-107: Building] INFO  o.a.m.s.f.DefaultMavenResourcesFiltering - skip non existing resourceDirectory C:\Users\alves\Documents\Projetos\alvesmoney\alvesmoney-api\src\test\resources
2022-12-22 23:30:00,901 [Worker-110: Building] INFO  o.a.m.s.f.DefaultMavenResourcesFiltering - Copying 1 resource
2022-12-22 23:30:00,912 [Worker-110: Building] INFO  o.a.m.s.f.DefaultMavenResourcesFiltering - Copying 4 resources
2022-12-22 23:30:00,917 [Worker-110: Building] INFO  o.a.m.s.f.DefaultMavenResourcesFiltering - skip non existing resourceDirectory C:\Users\alves\Documents\Projetos\alvesmoney\alvesmoney-api\src\test\resources
2022-12-22 23:31:20,336 [Worker-107: Building] INFO  o.a.m.s.f.DefaultMavenResourcesFiltering - Copying 1 resource
2022-12-22 23:31:20,343 [Worker-107: Building] INFO  o.a.m.s.f.DefaultMavenResourcesFiltering - Copying 4 resources
2022-12-22 23:31:20,348 [Worker-107: Building] INFO  o.a.m.s.f.DefaultMavenResourcesFiltering - skip non existing resourceDirectory C:\Users\alves\Documents\Projetos\alvesmoney\alvesmoney-api\src\test\resources
2022-12-22 23:32:26,601 [Worker-107: Building] INFO  o.a.m.s.f.DefaultMavenResourcesFiltering - Copying 1 resource
2022-12-22 23:32:26,606 [Worker-107: Building] INFO  o.a.m.s.f.DefaultMavenResourcesFiltering - Copying 4 resources
2022-12-22 23:32:26,611 [Worker-107: Building] INFO  o.a.m.s.f.DefaultMavenResourcesFiltering - skip non existing resourceDirectory C:\Users\alves\Documents\Projetos\alvesmoney\alvesmoney-api\src\test\resources
2022-12-22 23:33:19,375 [Worker-107: Building] INFO  o.a.m.s.f.DefaultMavenResourcesFiltering - Copying 1 resource
2022-12-22 23:33:19,406 [Worker-107: Building] INFO  o.a.m.s.f.DefaultMavenResourcesFiltering - Copying 4 resources
2022-12-22 23:33:19,413 [Worker-107: Building] INFO  o.a.m.s.f.DefaultMavenResourcesFiltering - skip non existing resourceDirectory C:\Users\alves\Documents\Projetos\alvesmoney\alvesmoney-api\src\test\resources
2022-12-22 23:33:34,164 [Worker-102: Building] INFO  o.a.m.s.f.DefaultMavenResourcesFiltering - Copying 1 resource
2022-12-22 23:33:34,168 [Worker-102: Building] INFO  o.a.m.s.f.DefaultMavenResourcesFiltering - Copying 4 resources
2022-12-22 23:33:34,172 [Worker-102: Building] INFO  o.a.m.s.f.DefaultMavenResourcesFiltering - skip non existing resourceDirectory C:\Users\alves\Documents\Projetos\alvesmoney\alvesmoney-api\src\test\resources
2022-12-22 23:33:49,277 [Worker-102: Building] INFO  o.a.m.s.f.DefaultMavenResourcesFiltering - Copying 1 resource
2022-12-22 23:33:49,285 [Worker-102: Building] INFO  o.a.m.s.f.DefaultMavenResourcesFiltering - Copying 4 resources
2022-12-22 23:33:49,289 [Worker-102: Building] INFO  o.a.m.s.f.DefaultMavenResourcesFiltering - skip non existing resourceDirectory C:\Users\alves\Documents\Projetos\alvesmoney\alvesmoney-api\src\test\resources
2022-12-22 23:35:54,163 [Worker-110: Building] INFO  o.a.m.s.f.DefaultMavenResourcesFiltering - Copying 1 resource
2022-12-22 23:35:54,167 [Worker-110: Building] INFO  o.a.m.s.f.DefaultMavenResourcesFiltering - Copying 4 resources
2022-12-22 23:35:54,170 [Worker-110: Building] INFO  o.a.m.s.f.DefaultMavenResourcesFiltering - skip non existing resourceDirectory C:\Users\alves\Documents\Projetos\alvesmoney\alvesmoney-api\src\test\resources
2022-12-22 23:38:34,390 [Worker-102: Building] INFO  o.a.m.s.f.DefaultMavenResourcesFiltering - Copying 1 resource
2022-12-22 23:38:34,394 [Worker-102: Building] INFO  o.a.m.s.f.DefaultMavenResourcesFiltering - Copying 4 resources
2022-12-22 23:38:34,398 [Worker-102: Building] INFO  o.a.m.s.f.DefaultMavenResourcesFiltering - skip non existing resourceDirectory C:\Users\alves\Documents\Projetos\alvesmoney\alvesmoney-api\src\test\resources
2022-12-22 23:40:39,169 [Worker-112: Building] INFO  o.a.m.s.f.DefaultMavenResourcesFiltering - Copying 1 resource
2022-12-22 23:40:39,174 [Worker-112: Building] INFO  o.a.m.s.f.DefaultMavenResourcesFiltering - Copying 4 resources
2022-12-22 23:40:39,178 [Worker-112: Building] INFO  o.a.m.s.f.DefaultMavenResourcesFiltering - skip non existing resourceDirectory C:\Users\alves\Documents\Projetos\alvesmoney\alvesmoney-api\src\test\resources
2022-12-22 23:46:37,902 [Worker-113: Building] INFO  o.a.m.s.f.DefaultMavenResourcesFiltering - Copying 1 resource
2022-12-22 23:46:37,907 [Worker-113: Building] INFO  o.a.m.s.f.DefaultMavenResourcesFiltering - Copying 4 resources
2022-12-22 23:46:37,911 [Worker-113: Building] INFO  o.a.m.s.f.DefaultMavenResourcesFiltering - skip non existing resourceDirectory C:\Users\alves\Documents\Projetos\alvesmoney\alvesmoney-api\src\test\resources
2022-12-22 23:55:39,715 [Worker-116: Building] INFO  o.a.m.s.f.DefaultMavenResourcesFiltering - Copying 1 resource
2022-12-22 23:55:39,722 [Worker-116: Building] INFO  o.a.m.s.f.DefaultMavenResourcesFiltering - Copying 4 resources
2022-12-22 23:55:39,727 [Worker-116: Building] INFO  o.a.m.s.f.DefaultMavenResourcesFiltering - skip non existing resourceDirectory C:\Users\alves\Documents\Projetos\alvesmoney\alvesmoney-api\src\test\resources
2022-12-22 23:56:35,049 [Worker-119: Building] INFO  o.a.m.s.f.DefaultMavenResourcesFiltering - Copying 1 resource
2022-12-22 23:56:35,056 [Worker-119: Building] INFO  o.a.m.s.f.DefaultMavenResourcesFiltering - Copying 4 resources
2022-12-22 23:56:35,060 [Worker-119: Building] INFO  o.a.m.s.f.DefaultMavenResourcesFiltering - skip non existing resourceDirectory C:\Users\alves\Documents\Projetos\alvesmoney\alvesmoney-api\src\test\resources
2022-12-22 23:58:16,485 [Worker-102: Building] INFO  o.a.m.s.f.DefaultMavenResourcesFiltering - Copying 1 resource
2022-12-22 23:58:16,491 [Worker-102: Building] INFO  o.a.m.s.f.DefaultMavenResourcesFiltering - Copying 4 resources
2022-12-22 23:58:16,499 [Worker-102: Building] INFO  o.a.m.s.f.DefaultMavenResourcesFiltering - skip non existing resourceDirectory C:\Users\alves\Documents\Projetos\alvesmoney\alvesmoney-api\src\test\resources
2022-12-22 23:58:58,737 [Worker-102: Building] INFO  o.a.m.s.f.DefaultMavenResourcesFiltering - Copying 1 resource
2022-12-22 23:58:58,743 [Worker-102: Building] INFO  o.a.m.s.f.DefaultMavenResourcesFiltering - Copying 4 resources
2022-12-22 23:58:58,747 [Worker-102: Building] INFO  o.a.m.s.f.DefaultMavenResourcesFiltering - skip non existing resourceDirectory C:\Users\alves\Documents\Projetos\alvesmoney\alvesmoney-api\src\test\resources
2022-12-22 23:59:43,350 [Worker-120: Building] INFO  o.a.m.s.f.DefaultMavenResourcesFiltering - Copying 1 resource
2022-12-22 23:59:43,355 [Worker-120: Building] INFO  o.a.m.s.f.DefaultMavenResourcesFiltering - Copying 4 resources
2022-12-22 23:59:43,360 [Worker-120: Building] INFO  o.a.m.s.f.DefaultMavenResourcesFiltering - skip non existing resourceDirectory C:\Users\alves\Documents\Projetos\alvesmoney\alvesmoney-api\src\test\resources
2022-12-23 00:00:08,164 [Worker-116: Building] INFO  o.a.m.s.f.DefaultMavenResourcesFiltering - Copying 1 resource
2022-12-23 00:00:08,171 [Worker-116: Building] INFO  o.a.m.s.f.DefaultMavenResourcesFiltering - Copying 4 resources
2022-12-23 00:00:08,178 [Worker-116: Building] INFO  o.a.m.s.f.DefaultMavenResourcesFiltering - skip non existing resourceDirectory C:\Users\alves\Documents\Projetos\alvesmoney\alvesmoney-api\src\test\resources
2022-12-23 00:03:02,645 [Worker-122: Building] INFO  o.a.m.s.f.DefaultMavenResourcesFiltering - Copying 1 resource
2022-12-23 00:03:02,651 [Worker-122: Building] INFO  o.a.m.s.f.DefaultMavenResourcesFiltering - Copying 4 resources
2022-12-23 00:03:02,655 [Worker-122: Building] INFO  o.a.m.s.f.DefaultMavenResourcesFiltering - skip non existing resourceDirectory C:\Users\alves\Documents\Projetos\alvesmoney\alvesmoney-api\src\test\resources
2022-12-23 00:03:32,546 [Worker-102: Building] INFO  o.a.m.s.f.DefaultMavenResourcesFiltering - Copying 1 resource
2022-12-23 00:03:32,552 [Worker-102: Building] INFO  o.a.m.s.f.DefaultMavenResourcesFiltering - Copying 4 resources
2022-12-23 00:03:32,556 [Worker-102: Building] INFO  o.a.m.s.f.DefaultMavenResourcesFiltering - skip non existing resourceDirectory C:\Users\alves\Documents\Projetos\alvesmoney\alvesmoney-api\src\test\resources
2022-12-23 00:04:10,531 [Worker-125: Building] INFO  o.a.m.s.f.DefaultMavenResourcesFiltering - Copying 1 resource
2022-12-23 00:04:10,542 [Worker-125: Building] INFO  o.a.m.s.f.DefaultMavenResourcesFiltering - Copying 4 resources
2022-12-23 00:04:10,549 [Worker-125: Building] INFO  o.a.m.s.f.DefaultMavenResourcesFiltering - skip non existing resourceDirectory C:\Users\alves\Documents\Projetos\alvesmoney\alvesmoney-api\src\test\resources
2022-12-23 00:04:30,739 [Worker-102: Building] INFO  o.a.m.s.f.DefaultMavenResourcesFiltering - Copying 1 resource
2022-12-23 00:04:30,746 [Worker-102: Building] INFO  o.a.m.s.f.DefaultMavenResourcesFiltering - Copying 4 resources
2022-12-23 00:04:30,751 [Worker-102: Building] INFO  o.a.m.s.f.DefaultMavenResourcesFiltering - skip non existing resourceDirectory C:\Users\alves\Documents\Projetos\alvesmoney\alvesmoney-api\src\test\resources
2022-12-23 00:11:14,559 [Worker-126: Building] INFO  o.a.m.s.f.DefaultMavenResourcesFiltering - Copying 1 resource
2022-12-23 00:11:14,567 [Worker-126: Building] INFO  o.a.m.s.f.DefaultMavenResourcesFiltering - Copying 4 resources
2022-12-23 00:11:14,572 [Worker-126: Building] INFO  o.a.m.s.f.DefaultMavenResourcesFiltering - skip non existing resourceDirectory C:\Users\alves\Documents\Projetos\alvesmoney\alvesmoney-api\src\test\resources
2022-12-23 00:18:19,629 [Worker-131: Building] INFO  o.a.m.s.f.DefaultMavenResourcesFiltering - Copying 1 resource
2022-12-23 00:18:19,634 [Worker-131: Building] INFO  o.a.m.s.f.DefaultMavenResourcesFiltering - Copying 4 resources
2022-12-23 00:18:19,639 [Worker-131: Building] INFO  o.a.m.s.f.DefaultMavenResourcesFiltering - skip non existing resourceDirectory C:\Users\alves\Documents\Projetos\alvesmoney\alvesmoney-api\src\test\resources
2022-12-23 00:18:27,787 [Worker-132: Building] INFO  o.a.m.s.f.DefaultMavenResourcesFiltering - Copying 1 resource
2022-12-23 00:18:27,803 [Worker-132: Building] INFO  o.a.m.s.f.DefaultMavenResourcesFiltering - Copying 4 resources
2022-12-23 00:18:27,808 [Worker-132: Building] INFO  o.a.m.s.f.DefaultMavenResourcesFiltering - skip non existing resourceDirectory C:\Users\alves\Documents\Projetos\alvesmoney\alvesmoney-api\src\test\resources
2022-12-23 00:19:08,693 [Worker-132: Building] INFO  o.a.m.s.f.DefaultMavenResourcesFiltering - Copying 1 resource
2022-12-23 00:19:08,709 [Worker-132: Building] INFO  o.a.m.s.f.DefaultMavenResourcesFiltering - Copying 4 resources
2022-12-23 00:19:08,714 [Worker-132: Building] INFO  o.a.m.s.f.DefaultMavenResourcesFiltering - skip non existing resourceDirectory C:\Users\alves\Documents\Projetos\alvesmoney\alvesmoney-api\src\test\resources
2022-12-23 00:21:06,191 [Worker-123: Building] INFO  o.a.m.s.f.DefaultMavenResourcesFiltering - Copying 1 resource
2022-12-23 00:21:06,196 [Worker-123: Building] INFO  o.a.m.s.f.DefaultMavenResourcesFiltering - Copying 4 resources
2022-12-23 00:21:06,201 [Worker-123: Building] INFO  o.a.m.s.f.DefaultMavenResourcesFiltering - skip non existing resourceDirectory C:\Users\alves\Documents\Projetos\alvesmoney\alvesmoney-api\src\test\resources
2022-12-23 00:30:49,069 [Worker-136: Building] INFO  o.a.m.s.f.DefaultMavenResourcesFiltering - Copying 1 resource
2022-12-23 00:30:49,075 [Worker-136: Building] INFO  o.a.m.s.f.DefaultMavenResourcesFiltering - Copying 4 resources
2022-12-23 00:30:49,080 [Worker-136: Building] INFO  o.a.m.s.f.DefaultMavenResourcesFiltering - skip non existing resourceDirectory C:\Users\alves\Documents\Projetos\alvesmoney\alvesmoney-api\src\test\resources
2022-12-23 00:31:11,881 [Worker-136: Building] INFO  o.a.m.s.f.DefaultMavenResourcesFiltering - Copying 1 resource
2022-12-23 00:31:11,888 [Worker-136: Building] INFO  o.a.m.s.f.DefaultMavenResourcesFiltering - Copying 4 resources
2022-12-23 00:31:11,892 [Worker-136: Building] INFO  o.a.m.s.f.DefaultMavenResourcesFiltering - skip non existing resourceDirectory C:\Users\alves\Documents\Projetos\alvesmoney\alvesmoney-api\src\test\resources
2022-12-23 01:03:21,120 [Worker-133: Building] INFO  o.a.m.s.f.DefaultMavenResourcesFiltering - Copying 0 resource
2022-12-23 01:03:21,120 [Worker-133: Building] INFO  o.a.m.s.f.DefaultMavenResourcesFiltering - Copying 1 resource
2022-12-23 01:03:21,132 [Worker-133: Building] INFO  o.a.m.s.f.DefaultMavenResourcesFiltering - skip non existing resourceDirectory C:\Users\alves\Documents\Projetos\alvesmoney\alvesmoney-api\src\test\resources
2022-12-23 01:03:34,494 [Worker-133: Building] INFO  o.a.m.s.f.DefaultMavenResourcesFiltering - Copying 0 resource
2022-12-23 01:03:34,495 [Worker-133: Building] INFO  o.a.m.s.f.DefaultMavenResourcesFiltering - Copying 1 resource
2022-12-23 01:03:34,500 [Worker-133: Building] INFO  o.a.m.s.f.DefaultMavenResourcesFiltering - skip non existing resourceDirectory C:\Users\alves\Documents\Projetos\alvesmoney\alvesmoney-api\src\test\resources
2022-12-23 01:11:25,855 [Worker-145: Building] INFO  o.a.m.s.f.DefaultMavenResourcesFiltering - Copying 1 resource
2022-12-23 01:11:25,862 [Worker-145: Building] INFO  o.a.m.s.f.DefaultMavenResourcesFiltering - Copying 5 resources
2022-12-23 01:11:25,867 [Worker-145: Building] INFO  o.a.m.s.f.DefaultMavenResourcesFiltering - skip non existing resourceDirectory C:\Users\alves\Documents\Projetos\alvesmoney\alvesmoney-api\src\test\resources
2022-12-23 01:16:05,165 [Worker-157: Building] INFO  o.a.m.s.f.DefaultMavenResourcesFiltering - Copying 1 resource
2022-12-23 01:16:05,170 [Worker-157: Building] INFO  o.a.m.s.f.DefaultMavenResourcesFiltering - Copying 5 resources
2022-12-23 01:16:05,175 [Worker-157: Building] INFO  o.a.m.s.f.DefaultMavenResourcesFiltering - skip non existing resourceDirectory C:\Users\alves\Documents\Projetos\alvesmoney\alvesmoney-api\src\test\resources
2022-12-23 01:17:24,803 [Worker-155: Building] INFO  o.a.m.s.f.DefaultMavenResourcesFiltering - Copying 1 resource
2022-12-23 01:17:24,810 [Worker-155: Building] INFO  o.a.m.s.f.DefaultMavenResourcesFiltering - Copying 5 resources
2022-12-23 01:17:24,815 [Worker-155: Building] INFO  o.a.m.s.f.DefaultMavenResourcesFiltering - skip non existing resourceDirectory C:\Users\alves\Documents\Projetos\alvesmoney\alvesmoney-api\src\test\resources
2022-12-23 01:22:15,285 [Worker-160: Building] INFO  o.a.m.s.f.DefaultMavenResourcesFiltering - Copying 1 resource
2022-12-23 01:22:15,302 [Worker-160: Building] INFO  o.a.m.s.f.DefaultMavenResourcesFiltering - Copying 5 resources
2022-12-23 01:22:15,307 [Worker-160: Building] INFO  o.a.m.s.f.DefaultMavenResourcesFiltering - skip non existing resourceDirectory C:\Users\alves\Documents\Projetos\alvesmoney\alvesmoney-api\src\test\resources
2022-12-23 01:33:13,932 [Worker-166: Building] INFO  o.a.m.s.f.DefaultMavenResourcesFiltering - Copying 1 resource
2022-12-23 01:33:13,949 [Worker-166: Building] INFO  o.a.m.s.f.DefaultMavenResourcesFiltering - Copying 5 resources
2022-12-23 01:33:13,954 [Worker-166: Building] INFO  o.a.m.s.f.DefaultMavenResourcesFiltering - skip non existing resourceDirectory C:\Users\alves\Documents\Projetos\alvesmoney\alvesmoney-api\src\test\resources
2022-12-23 02:13:18,496 [Worker-180: Building] ERROR o.e.m.c.i.URLConnectionCaches - Unexpected URLConnection defaultUseCaches enabled
2022-12-23 02:13:18,509 [Worker-180: Building] INFO  o.a.m.s.f.DefaultMavenResourcesFiltering - Copying 1 resource
2022-12-23 02:13:18,518 [Worker-180: Building] INFO  o.a.m.s.f.DefaultMavenResourcesFiltering - Copying 5 resources
2022-12-23 02:13:18,523 [Worker-180: Building] INFO  o.a.m.s.f.DefaultMavenResourcesFiltering - skip non existing resourceDirectory C:\Users\alves\Documents\Projetos\alvesmoney\alvesmoney-api\src\test\resources
2022-12-23 02:14:25,329 [Worker-177: Building] ERROR o.e.m.c.i.URLConnectionCaches - Unexpected URLConnection defaultUseCaches enabled
2022-12-23 02:14:25,335 [Worker-177: Building] INFO  o.a.m.s.f.DefaultMavenResourcesFiltering - Copying 1 resource
2022-12-23 02:14:25,341 [Worker-177: Building] INFO  o.a.m.s.f.DefaultMavenResourcesFiltering - Copying 5 resources
2022-12-23 02:14:25,346 [Worker-177: Building] INFO  o.a.m.s.f.DefaultMavenResourcesFiltering - skip non existing resourceDirectory C:\Users\alves\Documents\Projetos\alvesmoney\alvesmoney-api\src\test\resources
2022-12-23 02:23:49,490 [Worker-185: Building] ERROR o.e.m.c.i.URLConnectionCaches - Unexpected URLConnection defaultUseCaches enabled
2022-12-23 02:23:49,496 [Worker-185: Building] INFO  o.a.m.s.f.DefaultMavenResourcesFiltering - Copying 1 resource
2022-12-23 02:23:49,503 [Worker-185: Building] INFO  o.a.m.s.f.DefaultMavenResourcesFiltering - Copying 5 resources
2022-12-23 02:23:49,508 [Worker-185: Building] INFO  o.a.m.s.f.DefaultMavenResourcesFiltering - skip non existing resourceDirectory C:\Users\alves\Documents\Projetos\alvesmoney\alvesmoney-api\src\test\resources
2022-12-23 02:24:40,426 [Worker-187: Building] ERROR o.e.m.c.i.URLConnectionCaches - Unexpected URLConnection defaultUseCaches enabled
2022-12-23 02:24:40,431 [Worker-187: Building] INFO  o.a.m.s.f.DefaultMavenResourcesFiltering - Copying 1 resource
2022-12-23 02:24:40,439 [Worker-187: Building] INFO  o.a.m.s.f.DefaultMavenResourcesFiltering - Copying 5 resources
2022-12-23 02:24:40,444 [Worker-187: Building] INFO  o.a.m.s.f.DefaultMavenResourcesFiltering - skip non existing resourceDirectory C:\Users\alves\Documents\Projetos\alvesmoney\alvesmoney-api\src\test\resources
2022-12-23 02:25:36,896 [Worker-183: Building] ERROR o.e.m.c.i.URLConnectionCaches - Unexpected URLConnection defaultUseCaches enabled
2022-12-23 02:25:36,901 [Worker-183: Building] INFO  o.a.m.s.f.DefaultMavenResourcesFiltering - Copying 1 resource
2022-12-23 02:25:36,908 [Worker-183: Building] INFO  o.a.m.s.f.DefaultMavenResourcesFiltering - Copying 5 resources
2022-12-23 02:25:36,913 [Worker-183: Building] INFO  o.a.m.s.f.DefaultMavenResourcesFiltering - skip non existing resourceDirectory C:\Users\alves\Documents\Projetos\alvesmoney\alvesmoney-api\src\test\resources
2022-12-23 02:26:27,852 [Worker-178: Building] ERROR o.e.m.c.i.URLConnectionCaches - Unexpected URLConnection defaultUseCaches enabled
2022-12-23 02:26:27,857 [Worker-178: Building] INFO  o.a.m.s.f.DefaultMavenResourcesFiltering - Copying 1 resource
2022-12-23 02:26:27,863 [Worker-178: Building] INFO  o.a.m.s.f.DefaultMavenResourcesFiltering - Copying 5 resources
2022-12-23 02:26:27,867 [Worker-178: Building] INFO  o.a.m.s.f.DefaultMavenResourcesFiltering - skip non existing resourceDirectory C:\Users\alves\Documents\Projetos\alvesmoney\alvesmoney-api\src\test\resources
2022-12-23 02:30:13,071 [Worker-185: Building] ERROR o.e.m.c.i.URLConnectionCaches - Unexpected URLConnection defaultUseCaches enabled
2022-12-23 02:30:13,076 [Worker-185: Building] INFO  o.a.m.s.f.DefaultMavenResourcesFiltering - Copying 1 resource
2022-12-23 02:30:13,081 [Worker-185: Building] INFO  o.a.m.s.f.DefaultMavenResourcesFiltering - Copying 5 resources
2022-12-23 02:30:13,086 [Worker-185: Building] INFO  o.a.m.s.f.DefaultMavenResourcesFiltering - skip non existing resourceDirectory C:\Users\alves\Documents\Projetos\alvesmoney\alvesmoney-api\src\test\resources
2022-12-23 02:31:55,029 [Worker-192: Building] ERROR o.e.m.c.i.URLConnectionCaches - Unexpected URLConnection defaultUseCaches enabled
2022-12-23 02:31:55,034 [Worker-192: Building] INFO  o.a.m.s.f.DefaultMavenResourcesFiltering - Copying 1 resource
2022-12-23 02:31:55,040 [Worker-192: Building] INFO  o.a.m.s.f.DefaultMavenResourcesFiltering - Copying 5 resources
2022-12-23 02:31:55,046 [Worker-192: Building] INFO  o.a.m.s.f.DefaultMavenResourcesFiltering - skip non existing resourceDirectory C:\Users\alves\Documents\Projetos\alvesmoney\alvesmoney-api\src\test\resources
2022-12-23 02:33:00,949 [Worker-185: Building] ERROR o.e.m.c.i.URLConnectionCaches - Unexpected URLConnection defaultUseCaches enabled
2022-12-23 02:33:00,955 [Worker-185: Building] INFO  o.a.m.s.f.DefaultMavenResourcesFiltering - Copying 1 resource
2022-12-23 02:33:00,961 [Worker-185: Building] INFO  o.a.m.s.f.DefaultMavenResourcesFiltering - Copying 5 resources
2022-12-23 02:33:00,967 [Worker-185: Building] INFO  o.a.m.s.f.DefaultMavenResourcesFiltering - skip non existing resourceDirectory C:\Users\alves\Documents\Projetos\alvesmoney\alvesmoney-api\src\test\resources
2022-12-23 02:33:57,517 [Worker-190: Building] ERROR o.e.m.c.i.URLConnectionCaches - Unexpected URLConnection defaultUseCaches enabled
2022-12-23 02:33:57,522 [Worker-190: Building] INFO  o.a.m.s.f.DefaultMavenResourcesFiltering - Copying 1 resource
2022-12-23 02:33:57,530 [Worker-190: Building] INFO  o.a.m.s.f.DefaultMavenResourcesFiltering - Copying 5 resources
2022-12-23 02:33:57,535 [Worker-190: Building] INFO  o.a.m.s.f.DefaultMavenResourcesFiltering - skip non existing resourceDirectory C:\Users\alves\Documents\Projetos\alvesmoney\alvesmoney-api\src\test\resources
2022-12-23 02:34:23,597 [Worker-192: Building] ERROR o.e.m.c.i.URLConnectionCaches - Unexpected URLConnection defaultUseCaches enabled
2022-12-23 02:34:23,601 [Worker-192: Building] INFO  o.a.m.s.f.DefaultMavenResourcesFiltering - Copying 1 resource
2022-12-23 02:34:23,617 [Worker-192: Building] INFO  o.a.m.s.f.DefaultMavenResourcesFiltering - Copying 5 resources
2022-12-23 02:34:23,622 [Worker-192: Building] INFO  o.a.m.s.f.DefaultMavenResourcesFiltering - skip non existing resourceDirectory C:\Users\alves\Documents\Projetos\alvesmoney\alvesmoney-api\src\test\resources
2022-12-23 02:34:32,275 [Worker-192: Building] ERROR o.e.m.c.i.URLConnectionCaches - Unexpected URLConnection defaultUseCaches enabled
2022-12-23 02:34:32,281 [Worker-192: Building] INFO  o.a.m.s.f.DefaultMavenResourcesFiltering - Copying 1 resource
2022-12-23 02:34:32,298 [Worker-192: Building] INFO  o.a.m.s.f.DefaultMavenResourcesFiltering - Copying 5 resources
2022-12-23 02:34:32,302 [Worker-192: Building] INFO  o.a.m.s.f.DefaultMavenResourcesFiltering - skip non existing resourceDirectory C:\Users\alves\Documents\Projetos\alvesmoney\alvesmoney-api\src\test\resources
2022-12-23 02:34:54,282 [Worker-192: Building] ERROR o.e.m.c.i.URLConnectionCaches - Unexpected URLConnection defaultUseCaches enabled
2022-12-23 02:34:54,286 [Worker-192: Building] INFO  o.a.m.s.f.DefaultMavenResourcesFiltering - Copying 1 resource
2022-12-23 02:34:54,297 [Worker-192: Building] INFO  o.a.m.s.f.DefaultMavenResourcesFiltering - Copying 5 resources
2022-12-23 02:34:54,301 [Worker-192: Building] INFO  o.a.m.s.f.DefaultMavenResourcesFiltering - skip non existing resourceDirectory C:\Users\alves\Documents\Projetos\alvesmoney\alvesmoney-api\src\test\resources
2022-12-23 02:37:15,149 [Worker-194: Building] ERROR o.e.m.c.i.URLConnectionCaches - Unexpected URLConnection defaultUseCaches enabled
2022-12-23 02:37:15,154 [Worker-194: Building] INFO  o.a.m.s.f.DefaultMavenResourcesFiltering - Copying 1 resource
2022-12-23 02:37:15,167 [Worker-194: Building] INFO  o.a.m.s.f.DefaultMavenResourcesFiltering - Copying 5 resources
2022-12-23 02:37:15,171 [Worker-194: Building] INFO  o.a.m.s.f.DefaultMavenResourcesFiltering - skip non existing resourceDirectory C:\Users\alves\Documents\Projetos\alvesmoney\alvesmoney-api\src\test\resources
2022-12-23 02:37:22,019 [Worker-187: Building] ERROR o.e.m.c.i.URLConnectionCaches - Unexpected URLConnection defaultUseCaches enabled
2022-12-23 02:37:22,024 [Worker-187: Building] INFO  o.a.m.s.f.DefaultMavenResourcesFiltering - Copying 1 resource
2022-12-23 02:37:22,039 [Worker-187: Building] INFO  o.a.m.s.f.DefaultMavenResourcesFiltering - Copying 5 resources
2022-12-23 02:37:22,043 [Worker-187: Building] INFO  o.a.m.s.f.DefaultMavenResourcesFiltering - skip non existing resourceDirectory C:\Users\alves\Documents\Projetos\alvesmoney\alvesmoney-api\src\test\resources
2022-12-23 02:50:03,440 [Worker-194: Building] ERROR o.e.m.c.i.URLConnectionCaches - Unexpected URLConnection defaultUseCaches enabled
2022-12-23 02:50:03,447 [Worker-194: Building] INFO  o.a.m.s.f.DefaultMavenResourcesFiltering - Copying 1 resource
2022-12-23 02:50:03,453 [Worker-194: Building] INFO  o.a.m.s.f.DefaultMavenResourcesFiltering - Copying 5 resources
2022-12-23 02:50:03,458 [Worker-194: Building] INFO  o.a.m.s.f.DefaultMavenResourcesFiltering - skip non existing resourceDirectory C:\Users\alves\Documents\Projetos\alvesmoney\alvesmoney-api\src\test\resources
2022-12-23 03:00:57,982 [Worker-200: Building] ERROR o.e.m.c.i.URLConnectionCaches - Unexpected URLConnection defaultUseCaches enabled
2022-12-23 03:00:57,988 [Worker-200: Building] INFO  o.a.m.s.f.DefaultMavenResourcesFiltering - Copying 1 resource
2022-12-23 03:00:57,994 [Worker-200: Building] INFO  o.a.m.s.f.DefaultMavenResourcesFiltering - Copying 5 resources
2022-12-23 03:00:58,016 [Worker-200: Building] INFO  o.a.m.s.f.DefaultMavenResourcesFiltering - skip non existing resourceDirectory C:\Users\alves\Documents\Projetos\alvesmoney\alvesmoney-api\src\test\resources
2022-12-23 07:22:14,032 [Worker-1: Loading available Gradle versions] INFO  o.e.b.c.i.u.g.PublishedGradleVersions - Gradle version information cache is up-to-date. Trying to read.
2022-12-23 07:22:18,717 [Worker-5: Building] INFO  o.a.m.s.f.DefaultMavenResourcesFiltering - Copying 1 resource
2022-12-23 07:22:18,761 [Worker-5: Building] INFO  o.a.m.s.f.DefaultMavenResourcesFiltering - Copying 5 resources
2022-12-23 07:22:18,772 [Worker-5: Building] INFO  o.a.m.s.f.DefaultMavenResourcesFiltering - skip non existing resourceDirectory C:\Users\alves\Documents\Projetos\alvesmoney\alvesmoney-api\src\test\resources
2022-12-23 07:23:55,434 [Worker-1: Building] INFO  o.a.m.s.f.DefaultMavenResourcesFiltering - Copying 1 resource
2022-12-23 07:23:55,442 [Worker-1: Building] INFO  o.a.m.s.f.DefaultMavenResourcesFiltering - Copying 5 resources
2022-12-23 07:23:55,451 [Worker-1: Building] INFO  o.a.m.s.f.DefaultMavenResourcesFiltering - skip non existing resourceDirectory C:\Users\alves\Documents\Projetos\alvesmoney\alvesmoney-api\src\test\resources
2022-12-23 09:17:09,030 [Worker-13: Building] INFO  o.a.m.s.f.DefaultMavenResourcesFiltering - Copying 1 resource
2022-12-23 09:17:09,110 [Worker-13: Building] INFO  o.a.m.s.f.DefaultMavenResourcesFiltering - Copying 5 resources
2022-12-23 09:17:09,138 [Worker-13: Building] INFO  o.a.m.s.f.DefaultMavenResourcesFiltering - skip non existing resourceDirectory C:\Users\alves\Documents\Projetos\alvesmoney\alvesmoney-api\src\test\resources
2022-12-23 09:28:44,499 [Worker-15: Building] INFO  o.a.m.s.f.DefaultMavenResourcesFiltering - Copying 1 resource
2022-12-23 09:28:44,507 [Worker-15: Building] INFO  o.a.m.s.f.DefaultMavenResourcesFiltering - Copying 5 resources
2022-12-23 09:28:44,514 [Worker-15: Building] INFO  o.a.m.s.f.DefaultMavenResourcesFiltering - skip non existing resourceDirectory C:\Users\alves\Documents\Projetos\alvesmoney\alvesmoney-api\src\test\resources
2022-12-23 09:28:54,259 [Worker-17: Building] INFO  o.a.m.s.f.DefaultMavenResourcesFiltering - Copying 1 resource
2022-12-23 09:28:54,267 [Worker-17: Building] INFO  o.a.m.s.f.DefaultMavenResourcesFiltering - Copying 5 resources
2022-12-23 09:28:54,274 [Worker-17: Building] INFO  o.a.m.s.f.DefaultMavenResourcesFiltering - skip non existing resourceDirectory C:\Users\alves\Documents\Projetos\alvesmoney\alvesmoney-api\src\test\resources
2022-12-23 09:33:33,861 [Worker-17: Building] INFO  o.a.m.s.f.DefaultMavenResourcesFiltering - Copying 1 resource
2022-12-23 09:33:33,871 [Worker-17: Building] INFO  o.a.m.s.f.DefaultMavenResourcesFiltering - Copying 5 resources
2022-12-23 09:33:33,877 [Worker-17: Building] INFO  o.a.m.s.f.DefaultMavenResourcesFiltering - skip non existing resourceDirectory C:\Users\alves\Documents\Projetos\alvesmoney\alvesmoney-api\src\test\resources
2022-12-23 09:44:34,519 [Worker-19: Building] INFO  o.a.m.s.f.DefaultMavenResourcesFiltering - Copying 1 resource
2022-12-23 09:44:34,527 [Worker-19: Building] INFO  o.a.m.s.f.DefaultMavenResourcesFiltering - Copying 5 resources
2022-12-23 09:44:34,535 [Worker-19: Building] INFO  o.a.m.s.f.DefaultMavenResourcesFiltering - skip non existing resourceDirectory C:\Users\alves\Documents\Projetos\alvesmoney\alvesmoney-api\src\test\resources
2022-12-23 09:44:50,570 [Worker-15: Building] INFO  o.a.m.s.f.DefaultMavenResourcesFiltering - Copying 1 resource
2022-12-23 09:44:50,577 [Worker-15: Building] INFO  o.a.m.s.f.DefaultMavenResourcesFiltering - Copying 5 resources
2022-12-23 09:44:50,584 [Worker-15: Building] INFO  o.a.m.s.f.DefaultMavenResourcesFiltering - skip non existing resourceDirectory C:\Users\alves\Documents\Projetos\alvesmoney\alvesmoney-api\src\test\resources
2022-12-23 09:45:17,597 [Worker-19: Building] INFO  o.a.m.s.f.DefaultMavenResourcesFiltering - Copying 1 resource
2022-12-23 09:45:17,602 [Worker-19: Building] INFO  o.a.m.s.f.DefaultMavenResourcesFiltering - Copying 5 resources
2022-12-23 09:45:17,609 [Worker-19: Building] INFO  o.a.m.s.f.DefaultMavenResourcesFiltering - skip non existing resourceDirectory C:\Users\alves\Documents\Projetos\alvesmoney\alvesmoney-api\src\test\resources
2022-12-23 09:46:53,666 [Worker-18: Building] INFO  o.a.m.s.f.DefaultMavenResourcesFiltering - Copying 1 resource
2022-12-23 09:46:53,677 [Worker-18: Building] INFO  o.a.m.s.f.DefaultMavenResourcesFiltering - Copying 5 resources
2022-12-23 09:46:53,700 [Worker-18: Building] INFO  o.a.m.s.f.DefaultMavenResourcesFiltering - skip non existing resourceDirectory C:\Users\alves\Documents\Projetos\alvesmoney\alvesmoney-api\src\test\resources
2022-12-23 09:49:00,842 [Worker-15: Building] INFO  o.a.m.s.f.DefaultMavenResourcesFiltering - Copying 1 resource
2022-12-23 09:49:00,848 [Worker-15: Building] INFO  o.a.m.s.f.DefaultMavenResourcesFiltering - Copying 5 resources
2022-12-23 09:49:00,855 [Worker-15: Building] INFO  o.a.m.s.f.DefaultMavenResourcesFiltering - skip non existing resourceDirectory C:\Users\alves\Documents\Projetos\alvesmoney\alvesmoney-api\src\test\resources
2022-12-23 09:50:02,885 [Worker-18: Building] INFO  o.a.m.s.f.DefaultMavenResourcesFiltering - Copying 1 resource
2022-12-23 09:50:02,891 [Worker-18: Building] INFO  o.a.m.s.f.DefaultMavenResourcesFiltering - Copying 5 resources
2022-12-23 09:50:02,897 [Worker-18: Building] INFO  o.a.m.s.f.DefaultMavenResourcesFiltering - skip non existing resourceDirectory C:\Users\alves\Documents\Projetos\alvesmoney\alvesmoney-api\src\test\resources
2022-12-23 10:06:36,688 [Worker-24: Building] INFO  o.a.m.s.f.DefaultMavenResourcesFiltering - Copying 0 resource
2022-12-23 10:06:36,689 [Worker-24: Building] INFO  o.a.m.s.f.DefaultMavenResourcesFiltering - Copying 1 resource
2022-12-23 10:06:36,699 [Worker-24: Building] INFO  o.a.m.s.f.DefaultMavenResourcesFiltering - skip non existing resourceDirectory C:\Users\alves\Documents\Projetos\alvesmoney\alvesmoney-api\src\test\resources
2022-12-23 10:06:43,312 [Worker-25: Building] INFO  o.a.m.s.f.DefaultMavenResourcesFiltering - Copying 1 resource
2022-12-23 10:06:43,320 [Worker-25: Building] INFO  o.a.m.s.f.DefaultMavenResourcesFiltering - Copying 5 resources
2022-12-23 10:06:43,326 [Worker-25: Building] INFO  o.a.m.s.f.DefaultMavenResourcesFiltering - skip non existing resourceDirectory C:\Users\alves\Documents\Projetos\alvesmoney\alvesmoney-api\src\test\resources
2022-12-23 10:07:07,126 [Worker-23: Building] INFO  o.a.m.s.f.DefaultMavenResourcesFiltering - Copying 1 resource
2022-12-23 10:07:07,134 [Worker-23: Building] INFO  o.a.m.s.f.DefaultMavenResourcesFiltering - Copying 5 resources
2022-12-23 10:07:07,140 [Worker-23: Building] INFO  o.a.m.s.f.DefaultMavenResourcesFiltering - skip non existing resourceDirectory C:\Users\alves\Documents\Projetos\alvesmoney\alvesmoney-api\src\test\resources
2022-12-23 10:08:01,773 [Worker-24: Building] INFO  o.a.m.s.f.DefaultMavenResourcesFiltering - Copying 1 resource
2022-12-23 10:08:01,781 [Worker-24: Building] INFO  o.a.m.s.f.DefaultMavenResourcesFiltering - Copying 5 resources
2022-12-23 10:08:01,787 [Worker-24: Building] INFO  o.a.m.s.f.DefaultMavenResourcesFiltering - skip non existing resourceDirectory C:\Users\alves\Documents\Projetos\alvesmoney\alvesmoney-api\src\test\resources
2022-12-23 10:25:57,536 [Worker-24: Building] INFO  o.a.m.s.f.DefaultMavenResourcesFiltering - Copying 1 resource
2022-12-23 10:25:57,558 [Worker-24: Building] INFO  o.a.m.s.f.DefaultMavenResourcesFiltering - Copying 5 resources
2022-12-23 10:25:57,563 [Worker-24: Building] INFO  o.a.m.s.f.DefaultMavenResourcesFiltering - skip non existing resourceDirectory C:\Users\alves\Documents\Projetos\alvesmoney\alvesmoney-api\src\test\resources
2022-12-23 10:29:43,695 [Worker-31: Building] INFO  o.a.m.s.f.DefaultMavenResourcesFiltering - Copying 1 resource
2022-12-23 10:29:43,737 [Worker-31: Building] INFO  o.a.m.s.f.DefaultMavenResourcesFiltering - Copying 5 resources
2022-12-23 10:29:43,744 [Worker-31: Building] INFO  o.a.m.s.f.DefaultMavenResourcesFiltering - skip non existing resourceDirectory C:\Users\alves\Documents\Projetos\alvesmoney\alvesmoney-api\src\test\resources
2022-12-23 10:29:58,501 [Worker-31: Building] INFO  o.a.m.s.f.DefaultMavenResourcesFiltering - Copying 0 resource
2022-12-23 10:29:58,502 [Worker-31: Building] INFO  o.a.m.s.f.DefaultMavenResourcesFiltering - Copying 1 resource
2022-12-23 10:29:58,508 [Worker-31: Building] INFO  o.a.m.s.f.DefaultMavenResourcesFiltering - skip non existing resourceDirectory C:\Users\alves\Documents\Projetos\alvesmoney\alvesmoney-api\src\test\resources
2022-12-23 10:30:59,754 [Worker-28: Building] INFO  o.a.m.s.f.DefaultMavenResourcesFiltering - Copying 1 resource
2022-12-23 10:30:59,771 [Worker-28: Building] INFO  o.a.m.s.f.DefaultMavenResourcesFiltering - Copying 5 resources
2022-12-23 10:30:59,776 [Worker-28: Building] INFO  o.a.m.s.f.DefaultMavenResourcesFiltering - skip non existing resourceDirectory C:\Users\alves\Documents\Projetos\alvesmoney\alvesmoney-api\src\test\resources
2022-12-23 11:07:27,834 [Worker-34: Building] INFO  o.a.m.s.f.DefaultMavenResourcesFiltering - Copying 1 resource
2022-12-23 11:07:27,857 [Worker-34: Building] INFO  o.a.m.s.f.DefaultMavenResourcesFiltering - Copying 5 resources
2022-12-23 11:07:27,862 [Worker-34: Building] INFO  o.a.m.s.f.DefaultMavenResourcesFiltering - skip non existing resourceDirectory C:\Users\alves\Documents\Projetos\alvesmoney\alvesmoney-api\src\test\resources
2022-12-23 11:08:07,530 [Worker-28: Building] INFO  o.a.m.s.f.DefaultMavenResourcesFiltering - Copying 1 resource
2022-12-23 11:08:07,552 [Worker-28: Building] INFO  o.a.m.s.f.DefaultMavenResourcesFiltering - Copying 5 resources
2022-12-23 11:08:07,560 [Worker-28: Building] INFO  o.a.m.s.f.DefaultMavenResourcesFiltering - skip non existing resourceDirectory C:\Users\alves\Documents\Projetos\alvesmoney\alvesmoney-api\src\test\resources
2022-12-23 11:08:27,468 [Worker-31: Building] INFO  o.a.m.s.f.DefaultMavenResourcesFiltering - Copying 1 resource
2022-12-23 11:08:27,489 [Worker-31: Building] INFO  o.a.m.s.f.DefaultMavenResourcesFiltering - Copying 5 resources
2022-12-23 11:08:27,494 [Worker-31: Building] INFO  o.a.m.s.f.DefaultMavenResourcesFiltering - skip non existing resourceDirectory C:\Users\alves\Documents\Projetos\alvesmoney\alvesmoney-api\src\test\resources
2022-12-23 11:09:43,589 [Worker-31: Building] INFO  o.a.m.s.f.DefaultMavenResourcesFiltering - Copying 1 resource
2022-12-23 11:09:43,597 [Worker-31: Building] INFO  o.a.m.s.f.DefaultMavenResourcesFiltering - Copying 5 resources
2022-12-23 11:09:43,603 [Worker-31: Building] INFO  o.a.m.s.f.DefaultMavenResourcesFiltering - skip non existing resourceDirectory C:\Users\alves\Documents\Projetos\alvesmoney\alvesmoney-api\src\test\resources
2022-12-23 11:09:52,339 [Worker-36: Building] INFO  o.a.m.s.f.DefaultMavenResourcesFiltering - Copying 1 resource
2022-12-23 11:09:52,346 [Worker-36: Building] INFO  o.a.m.s.f.DefaultMavenResourcesFiltering - Copying 5 resources
2022-12-23 11:09:52,355 [Worker-36: Building] INFO  o.a.m.s.f.DefaultMavenResourcesFiltering - skip non existing resourceDirectory C:\Users\alves\Documents\Projetos\alvesmoney\alvesmoney-api\src\test\resources
2022-12-23 11:11:34,490 [Worker-35: Building] INFO  o.a.m.s.f.DefaultMavenResourcesFiltering - Copying 1 resource
2022-12-23 11:11:34,499 [Worker-35: Building] INFO  o.a.m.s.f.DefaultMavenResourcesFiltering - Copying 5 resources
2022-12-23 11:11:34,505 [Worker-35: Building] INFO  o.a.m.s.f.DefaultMavenResourcesFiltering - skip non existing resourceDirectory C:\Users\alves\Documents\Projetos\alvesmoney\alvesmoney-api\src\test\resources
2022-12-23 11:12:50,753 [Worker-28: Building] INFO  o.a.m.s.f.DefaultMavenResourcesFiltering - Copying 1 resource
2022-12-23 11:12:50,804 [Worker-28: Building] INFO  o.a.m.s.f.DefaultMavenResourcesFiltering - Copying 5 resources
2022-12-23 11:12:50,814 [Worker-28: Building] INFO  o.a.m.s.f.DefaultMavenResourcesFiltering - skip non existing resourceDirectory C:\Users\alves\Documents\Projetos\alvesmoney\alvesmoney-api\src\test\resources
2022-12-23 11:13:14,944 [Worker-36: Building] INFO  o.a.m.s.f.DefaultMavenResourcesFiltering - Copying 1 resource
2022-12-23 11:13:14,952 [Worker-36: Building] INFO  o.a.m.s.f.DefaultMavenResourcesFiltering - Copying 5 resources
2022-12-23 11:13:14,958 [Worker-36: Building] INFO  o.a.m.s.f.DefaultMavenResourcesFiltering - skip non existing resourceDirectory C:\Users\alves\Documents\Projetos\alvesmoney\alvesmoney-api\src\test\resources
2022-12-23 11:13:28,389 [Worker-35: Building] INFO  o.a.m.s.f.DefaultMavenResourcesFiltering - Copying 1 resource
2022-12-23 11:13:28,397 [Worker-35: Building] INFO  o.a.m.s.f.DefaultMavenResourcesFiltering - Copying 5 resources
2022-12-23 11:13:28,405 [Worker-35: Building] INFO  o.a.m.s.f.DefaultMavenResourcesFiltering - skip non existing resourceDirectory C:\Users\alves\Documents\Projetos\alvesmoney\alvesmoney-api\src\test\resources
2022-12-23 11:13:45,033 [Worker-31: Building] INFO  o.a.m.s.f.DefaultMavenResourcesFiltering - Copying 1 resource
2022-12-23 11:13:45,039 [Worker-31: Building] INFO  o.a.m.s.f.DefaultMavenResourcesFiltering - Copying 5 resources
2022-12-23 11:13:45,045 [Worker-31: Building] INFO  o.a.m.s.f.DefaultMavenResourcesFiltering - skip non existing resourceDirectory C:\Users\alves\Documents\Projetos\alvesmoney\alvesmoney-api\src\test\resources
2022-12-23 11:16:05,715 [Worker-37: Building] INFO  o.a.m.s.f.DefaultMavenResourcesFiltering - Copying 1 resource
2022-12-23 11:16:05,721 [Worker-37: Building] INFO  o.a.m.s.f.DefaultMavenResourcesFiltering - Copying 5 resources
2022-12-23 11:16:05,728 [Worker-37: Building] INFO  o.a.m.s.f.DefaultMavenResourcesFiltering - skip non existing resourceDirectory C:\Users\alves\Documents\Projetos\alvesmoney\alvesmoney-api\src\test\resources
2022-12-23 11:26:27,057 [Worker-28: Building] INFO  o.a.m.s.f.DefaultMavenResourcesFiltering - Copying 1 resource
2022-12-23 11:26:27,076 [Worker-28: Building] INFO  o.a.m.s.f.DefaultMavenResourcesFiltering - Copying 5 resources
2022-12-23 11:26:27,085 [Worker-28: Building] INFO  o.a.m.s.f.DefaultMavenResourcesFiltering - skip non existing resourceDirectory C:\Users\alves\Documents\Projetos\alvesmoney\alvesmoney-api\src\test\resources
2022-12-23 11:29:58,103 [Worker-44: Building] INFO  o.a.m.s.f.DefaultMavenResourcesFiltering - Copying 1 resource
2022-12-23 11:29:58,112 [Worker-44: Building] INFO  o.a.m.s.f.DefaultMavenResourcesFiltering - Copying 5 resources
2022-12-23 11:29:58,120 [Worker-44: Building] INFO  o.a.m.s.f.DefaultMavenResourcesFiltering - skip non existing resourceDirectory C:\Users\alves\Documents\Projetos\alvesmoney\alvesmoney-api\src\test\resources
2022-12-23 11:30:44,692 [Worker-44: Building] INFO  o.a.m.s.f.DefaultMavenResourcesFiltering - Copying 1 resource
2022-12-23 11:30:44,699 [Worker-44: Building] INFO  o.a.m.s.f.DefaultMavenResourcesFiltering - Copying 5 resources
2022-12-23 11:30:44,704 [Worker-44: Building] INFO  o.a.m.s.f.DefaultMavenResourcesFiltering - skip non existing resourceDirectory C:\Users\alves\Documents\Projetos\alvesmoney\alvesmoney-api\src\test\resources
2022-12-23 11:32:13,321 [Worker-42: Building] INFO  o.a.m.s.f.DefaultMavenResourcesFiltering - Copying 1 resource
2022-12-23 11:32:13,329 [Worker-42: Building] INFO  o.a.m.s.f.DefaultMavenResourcesFiltering - Copying 5 resources
2022-12-23 11:32:13,335 [Worker-42: Building] INFO  o.a.m.s.f.DefaultMavenResourcesFiltering - skip non existing resourceDirectory C:\Users\alves\Documents\Projetos\alvesmoney\alvesmoney-api\src\test\resources
2022-12-23 11:32:51,366 [Worker-28: Building] INFO  o.a.m.s.f.DefaultMavenResourcesFiltering - Copying 1 resource
2022-12-23 11:32:51,385 [Worker-28: Building] INFO  o.a.m.s.f.DefaultMavenResourcesFiltering - Copying 5 resources
2022-12-23 11:32:51,444 [Worker-28: Building] INFO  o.a.m.s.f.DefaultMavenResourcesFiltering - skip non existing resourceDirectory C:\Users\alves\Documents\Projetos\alvesmoney\alvesmoney-api\src\test\resources
2022-12-23 11:33:42,053 [Worker-14: Building] INFO  o.a.m.s.f.DefaultMavenResourcesFiltering - Copying 1 resource
2022-12-23 11:33:42,059 [Worker-14: Building] INFO  o.a.m.s.f.DefaultMavenResourcesFiltering - Copying 5 resources
2022-12-23 11:33:42,065 [Worker-14: Building] INFO  o.a.m.s.f.DefaultMavenResourcesFiltering - skip non existing resourceDirectory C:\Users\alves\Documents\Projetos\alvesmoney\alvesmoney-api\src\test\resources
2022-12-23 11:33:45,143 [Worker-44: Building] INFO  o.a.m.s.f.DefaultMavenResourcesFiltering - Copying 1 resource
2022-12-23 11:33:45,150 [Worker-44: Building] INFO  o.a.m.s.f.DefaultMavenResourcesFiltering - Copying 5 resources
2022-12-23 11:33:45,154 [Worker-44: Building] INFO  o.a.m.s.f.DefaultMavenResourcesFiltering - skip non existing resourceDirectory C:\Users\alves\Documents\Projetos\alvesmoney\alvesmoney-api\src\test\resources
2022-12-23 11:35:23,677 [Worker-45: Building] INFO  o.a.m.s.f.DefaultMavenResourcesFiltering - Copying 1 resource
2022-12-23 11:35:23,685 [Worker-45: Building] INFO  o.a.m.s.f.DefaultMavenResourcesFiltering - Copying 5 resources
2022-12-23 11:35:23,692 [Worker-45: Building] INFO  o.a.m.s.f.DefaultMavenResourcesFiltering - skip non existing resourceDirectory C:\Users\alves\Documents\Projetos\alvesmoney\alvesmoney-api\src\test\resources
2022-12-23 11:35:33,517 [Worker-14: Building] INFO  o.a.m.s.f.DefaultMavenResourcesFiltering - Copying 1 resource
2022-12-23 11:35:33,524 [Worker-14: Building] INFO  o.a.m.s.f.DefaultMavenResourcesFiltering - Copying 5 resources
2022-12-23 11:35:33,532 [Worker-14: Building] INFO  o.a.m.s.f.DefaultMavenResourcesFiltering - skip non existing resourceDirectory C:\Users\alves\Documents\Projetos\alvesmoney\alvesmoney-api\src\test\resources
2022-12-23 13:53:45,551 [Worker-51: Building] INFO  o.a.m.s.f.DefaultMavenResourcesFiltering - Copying 1 resource
2022-12-23 13:53:45,563 [Worker-51: Building] INFO  o.a.m.s.f.DefaultMavenResourcesFiltering - Copying 5 resources
2022-12-23 13:53:45,567 [Worker-51: Building] INFO  o.a.m.s.f.DefaultMavenResourcesFiltering - skip non existing resourceDirectory C:\Users\alves\Documents\Projetos\alvesmoney\alvesmoney-api\src\test\resources
2022-12-23 13:56:32,317 [Worker-56: Building] INFO  o.a.m.s.f.DefaultMavenResourcesFiltering - Copying 1 resource
2022-12-23 13:56:32,327 [Worker-56: Building] INFO  o.a.m.s.f.DefaultMavenResourcesFiltering - Copying 5 resources
2022-12-23 13:56:32,332 [Worker-56: Building] INFO  o.a.m.s.f.DefaultMavenResourcesFiltering - skip non existing resourceDirectory C:\Users\alves\Documents\Projetos\alvesmoney\alvesmoney-api\src\test\resources
2022-12-23 13:56:50,526 [Worker-56: Building] INFO  o.a.m.s.f.DefaultMavenResourcesFiltering - Copying 1 resource
2022-12-23 13:56:50,541 [Worker-56: Building] INFO  o.a.m.s.f.DefaultMavenResourcesFiltering - Copying 5 resources
2022-12-23 13:56:50,545 [Worker-56: Building] INFO  o.a.m.s.f.DefaultMavenResourcesFiltering - skip non existing resourceDirectory C:\Users\alves\Documents\Projetos\alvesmoney\alvesmoney-api\src\test\resources
2022-12-23 13:58:45,106 [Worker-54: Building] INFO  o.a.m.s.f.DefaultMavenResourcesFiltering - Copying 1 resource
2022-12-23 13:58:45,122 [Worker-54: Building] INFO  o.a.m.s.f.DefaultMavenResourcesFiltering - Copying 5 resources
2022-12-23 13:58:45,127 [Worker-54: Building] INFO  o.a.m.s.f.DefaultMavenResourcesFiltering - skip non existing resourceDirectory C:\Users\alves\Documents\Projetos\alvesmoney\alvesmoney-api\src\test\resources
2022-12-23 13:58:51,152 [Worker-55: Building] INFO  o.a.m.s.f.DefaultMavenResourcesFiltering - Copying 1 resource
2022-12-23 13:58:51,156 [Worker-55: Building] INFO  o.a.m.s.f.DefaultMavenResourcesFiltering - Copying 5 resources
2022-12-23 13:58:51,162 [Worker-55: Building] INFO  o.a.m.s.f.DefaultMavenResourcesFiltering - skip non existing resourceDirectory C:\Users\alves\Documents\Projetos\alvesmoney\alvesmoney-api\src\test\resources
2022-12-23 13:59:43,523 [Worker-57: Building] INFO  o.a.m.s.f.DefaultMavenResourcesFiltering - Copying 1 resource
2022-12-23 13:59:43,529 [Worker-57: Building] INFO  o.a.m.s.f.DefaultMavenResourcesFiltering - Copying 5 resources
2022-12-23 13:59:43,533 [Worker-57: Building] INFO  o.a.m.s.f.DefaultMavenResourcesFiltering - skip non existing resourceDirectory C:\Users\alves\Documents\Projetos\alvesmoney\alvesmoney-api\src\test\resources
2022-12-23 14:00:10,612 [Worker-54: Building] INFO  o.a.m.s.f.DefaultMavenResourcesFiltering - Copying 1 resource
2022-12-23 14:00:10,619 [Worker-54: Building] INFO  o.a.m.s.f.DefaultMavenResourcesFiltering - Copying 5 resources
2022-12-23 14:00:10,624 [Worker-54: Building] INFO  o.a.m.s.f.DefaultMavenResourcesFiltering - skip non existing resourceDirectory C:\Users\alves\Documents\Projetos\alvesmoney\alvesmoney-api\src\test\resources
2022-12-23 14:01:08,295 [Worker-51: Building] INFO  o.a.m.s.f.DefaultMavenResourcesFiltering - Copying 1 resource
2022-12-23 14:01:08,303 [Worker-51: Building] INFO  o.a.m.s.f.DefaultMavenResourcesFiltering - Copying 5 resources
2022-12-23 14:01:08,308 [Worker-51: Building] INFO  o.a.m.s.f.DefaultMavenResourcesFiltering - skip non existing resourceDirectory C:\Users\alves\Documents\Projetos\alvesmoney\alvesmoney-api\src\test\resources
2022-12-23 14:01:58,454 [Worker-54: Building] INFO  o.a.m.s.f.DefaultMavenResourcesFiltering - Copying 1 resource
2022-12-23 14:01:58,459 [Worker-54: Building] INFO  o.a.m.s.f.DefaultMavenResourcesFiltering - Copying 5 resources
2022-12-23 14:01:58,469 [Worker-54: Building] INFO  o.a.m.s.f.DefaultMavenResourcesFiltering - skip non existing resourceDirectory C:\Users\alves\Documents\Projetos\alvesmoney\alvesmoney-api\src\test\resources
2022-12-23 14:02:02,999 [Worker-55: Building] INFO  o.a.m.s.f.DefaultMavenResourcesFiltering - Copying 1 resource
2022-12-23 14:02:03,005 [Worker-55: Building] INFO  o.a.m.s.f.DefaultMavenResourcesFiltering - Copying 5 resources
2022-12-23 14:02:03,011 [Worker-55: Building] INFO  o.a.m.s.f.DefaultMavenResourcesFiltering - skip non existing resourceDirectory C:\Users\alves\Documents\Projetos\alvesmoney\alvesmoney-api\src\test\resources
2022-12-23 14:02:16,128 [Worker-56: Building] INFO  o.a.m.s.f.DefaultMavenResourcesFiltering - Copying 1 resource
2022-12-23 14:02:16,134 [Worker-56: Building] INFO  o.a.m.s.f.DefaultMavenResourcesFiltering - Copying 5 resources
2022-12-23 14:02:16,139 [Worker-56: Building] INFO  o.a.m.s.f.DefaultMavenResourcesFiltering - skip non existing resourceDirectory C:\Users\alves\Documents\Projetos\alvesmoney\alvesmoney-api\src\test\resources
2022-12-23 14:15:00,027 [Worker-61: Building] INFO  o.a.m.s.f.DefaultMavenResourcesFiltering - Copying 1 resource
2022-12-23 14:15:00,037 [Worker-61: Building] INFO  o.a.m.s.f.DefaultMavenResourcesFiltering - Copying 5 resources
2022-12-23 14:15:00,042 [Worker-61: Building] INFO  o.a.m.s.f.DefaultMavenResourcesFiltering - skip non existing resourceDirectory C:\Users\alves\Documents\Projetos\alvesmoney\alvesmoney-api\src\test\resources
2022-12-23 14:17:52,333 [Worker-61: Building] INFO  o.a.m.s.f.DefaultMavenResourcesFiltering - Copying 1 resource
2022-12-23 14:17:52,343 [Worker-61: Building] INFO  o.a.m.s.f.DefaultMavenResourcesFiltering - Copying 5 resources
2022-12-23 14:17:52,348 [Worker-61: Building] INFO  o.a.m.s.f.DefaultMavenResourcesFiltering - skip non existing resourceDirectory C:\Users\alves\Documents\Projetos\alvesmoney\alvesmoney-api\src\test\resources
2022-12-23 14:18:53,782 [Worker-61: Building] INFO  o.a.m.s.f.DefaultMavenResourcesFiltering - Copying 1 resource
2022-12-23 14:18:53,788 [Worker-61: Building] INFO  o.a.m.s.f.DefaultMavenResourcesFiltering - Copying 5 resources
2022-12-23 14:18:53,793 [Worker-61: Building] INFO  o.a.m.s.f.DefaultMavenResourcesFiltering - skip non existing resourceDirectory C:\Users\alves\Documents\Projetos\alvesmoney\alvesmoney-api\src\test\resources
2022-12-23 14:22:25,351 [Worker-66: Building] INFO  o.a.m.s.f.DefaultMavenResourcesFiltering - Copying 1 resource
2022-12-23 14:22:25,357 [Worker-66: Building] INFO  o.a.m.s.f.DefaultMavenResourcesFiltering - Copying 5 resources
2022-12-23 14:22:25,362 [Worker-66: Building] INFO  o.a.m.s.f.DefaultMavenResourcesFiltering - skip non existing resourceDirectory C:\Users\alves\Documents\Projetos\alvesmoney\alvesmoney-api\src\test\resources
2022-12-23 14:22:55,130 [Worker-61: Building] INFO  o.a.m.s.f.DefaultMavenResourcesFiltering - Copying 1 resource
2022-12-23 14:22:55,137 [Worker-61: Building] INFO  o.a.m.s.f.DefaultMavenResourcesFiltering - Copying 5 resources
2022-12-23 14:22:55,145 [Worker-61: Building] INFO  o.a.m.s.f.DefaultMavenResourcesFiltering - skip non existing resourceDirectory C:\Users\alves\Documents\Projetos\alvesmoney\alvesmoney-api\src\test\resources
2022-12-23 14:23:07,454 [Worker-59: Building] INFO  o.a.m.s.f.DefaultMavenResourcesFiltering - Copying 1 resource
2022-12-23 14:23:07,460 [Worker-59: Building] INFO  o.a.m.s.f.DefaultMavenResourcesFiltering - Copying 5 resources
2022-12-23 14:23:07,465 [Worker-59: Building] INFO  o.a.m.s.f.DefaultMavenResourcesFiltering - skip non existing resourceDirectory C:\Users\alves\Documents\Projetos\alvesmoney\alvesmoney-api\src\test\resources
2022-12-23 14:23:30,316 [Worker-61: Building] INFO  o.a.m.s.f.DefaultMavenResourcesFiltering - Copying 1 resource
2022-12-23 14:23:30,323 [Worker-61: Building] INFO  o.a.m.s.f.DefaultMavenResourcesFiltering - Copying 5 resources
2022-12-23 14:23:30,327 [Worker-61: Building] INFO  o.a.m.s.f.DefaultMavenResourcesFiltering - skip non existing resourceDirectory C:\Users\alves\Documents\Projetos\alvesmoney\alvesmoney-api\src\test\resources
2022-12-23 14:24:41,103 [Worker-66: Building] INFO  o.a.m.s.f.DefaultMavenResourcesFiltering - Copying 1 resource
2022-12-23 14:24:41,112 [Worker-66: Building] INFO  o.a.m.s.f.DefaultMavenResourcesFiltering - Copying 5 resources
2022-12-23 14:24:41,117 [Worker-66: Building] INFO  o.a.m.s.f.DefaultMavenResourcesFiltering - skip non existing resourceDirectory C:\Users\alves\Documents\Projetos\alvesmoney\alvesmoney-api\src\test\resources
2022-12-23 14:27:20,913 [Worker-67: Building] INFO  o.a.m.s.f.DefaultMavenResourcesFiltering - Copying 1 resource
2022-12-23 14:27:20,918 [Worker-67: Building] INFO  o.a.m.s.f.DefaultMavenResourcesFiltering - Copying 5 resources
2022-12-23 14:27:20,921 [Worker-67: Building] INFO  o.a.m.s.f.DefaultMavenResourcesFiltering - skip non existing resourceDirectory C:\Users\alves\Documents\Projetos\alvesmoney\alvesmoney-api\src\test\resources
2022-12-23 14:34:04,286 [Worker-68: Building] INFO  o.a.m.s.f.DefaultMavenResourcesFiltering - Copying 1 resource
2022-12-23 14:34:04,294 [Worker-68: Building] INFO  o.a.m.s.f.DefaultMavenResourcesFiltering - Copying 5 resources
2022-12-23 14:34:04,299 [Worker-68: Building] INFO  o.a.m.s.f.DefaultMavenResourcesFiltering - skip non existing resourceDirectory C:\Users\alves\Documents\Projetos\alvesmoney\alvesmoney-api\src\test\resources
2022-12-23 14:37:40,837 [Worker-70: Building] INFO  o.a.m.s.f.DefaultMavenResourcesFiltering - Copying 1 resource
2022-12-23 14:37:40,843 [Worker-70: Building] INFO  o.a.m.s.f.DefaultMavenResourcesFiltering - Copying 5 resources
2022-12-23 14:37:40,848 [Worker-70: Building] INFO  o.a.m.s.f.DefaultMavenResourcesFiltering - skip non existing resourceDirectory C:\Users\alves\Documents\Projetos\alvesmoney\alvesmoney-api\src\test\resources
2022-12-23 14:42:29,405 [Worker-70: Building] INFO  o.a.m.s.f.DefaultMavenResourcesFiltering - Copying 1 resource
2022-12-23 14:42:29,412 [Worker-70: Building] INFO  o.a.m.s.f.DefaultMavenResourcesFiltering - Copying 5 resources
2022-12-23 14:42:29,417 [Worker-70: Building] INFO  o.a.m.s.f.DefaultMavenResourcesFiltering - skip non existing resourceDirectory C:\Users\alves\Documents\Projetos\alvesmoney\alvesmoney-api\src\test\resources
2022-12-23 14:43:17,705 [Worker-64: Building] INFO  o.a.m.s.f.DefaultMavenResourcesFiltering - Copying 1 resource
2022-12-23 14:43:17,710 [Worker-64: Building] INFO  o.a.m.s.f.DefaultMavenResourcesFiltering - Copying 5 resources
2022-12-23 14:43:17,715 [Worker-64: Building] INFO  o.a.m.s.f.DefaultMavenResourcesFiltering - skip non existing resourceDirectory C:\Users\alves\Documents\Projetos\alvesmoney\alvesmoney-api\src\test\resources
